This is pdfTeX, Version 3.14159265-2.6-1.40.20 (TeX Live 2019/Debian) (preloaded format=pdflatex 2022.3.31)  9 JUN 2022 17:54
entering extended mode
 restricted \write18 enabled.
 %&-line parsing enabled.
**cover.tex
(./cover.tex
LaTeX2e <2020-02-02> patch level 2
L3 programming layer <2020-02-14>

! LaTeX Error: Environment titlingpage undefined.

See the LaTeX manual or LaTeX Companion for explanation.
Type  H <return>  for immediate help.
 ...                                              
                                                  
l.127 \Portada
              
Your command was ignored.
Type  I <command> <return>  to replace it with another command,
or  <return>  to continue without it.


! LaTeX Error: Missing \begin{document}.

See the LaTeX manual or LaTeX Companion for explanation.
Type  H <return>  for immediate help.
 ...                                              
                                                  
l.127 \Portada
              
You're in trouble here.  Try typing  <return>  to proceed.
If that doesn't work, type  X <return>  to quit.


Overfull \hbox (20.0pt too wide) in paragraph at lines 127--127
[] 
 []

! Undefined control sequence.
\Universidad ->\Large 
                      {\textbf {Oxford University Cave Club}}
l.127 \Portada
              
The control sequence at the end of the top line
of your error message was never \def'ed. If you have
misspelled it (e.g., `\hobx'), type `I' and the correct
spelling (e.g., `I\hbox'). Otherwise just continue,
and I'll forget about whatever was undefined.


Overfull \hbox (35.09705pt too wide) in paragraph at lines 127--127
 \OT1/cmr/bx/n/10 Oxford 
 []


Overfull \hbox (22.26376pt too wide) in paragraph at lines 127--127
 \OT1/cmr/bx/n/10 Uni- 
 []


Overfull \hbox (19.5902pt too wide) in paragraph at lines 127--127
 \OT1/cmr/bx/n/10 ver- 
 []


Overfull \hbox (17.95267pt too wide) in paragraph at lines 127--127
 \OT1/cmr/bx/n/10 sity 
 []


Overfull \hbox (24.59708pt too wide) in paragraph at lines 127--127
 \OT1/cmr/bx/n/10 Cave 
 []


Overfull \hbox (24.27765pt too wide) in paragraph at lines 127--127
 \OT1/cmr/bx/n/10 Club 
 []

! Undefined control sequence.
\Grado ->\Large 
                {Trans. Cave Research Group of Great Britain. Vol. 13. No. 1...
l.127 \Portada
              
The control sequence at the end of the top line
of your error message was never \def'ed. If you have
misspelled it (e.g., `\hobx'), type `I' and the correct
spelling (e.g., `I\hbox'). Otherwise just continue,
and I'll forget about whatever was undefined.

Missing character: There is no T in font nullfont!
Missing character: There is no r in font nullfont!
Missing character: There is no a in font nullfont!
Missing character: There is no n in font nullfont!
Missing character: There is no s in font nullfont!
Missing character: There is no . in font nullfont!
Missing character: There is no C in font nullfont!
Missing character: There is no a in font nullfont!
Missing character: There is no v in font nullfont!
Missing character: There is no e in font nullfont!
Missing character: There is no R in font nullfont!
Missing character: There is no e in font nullfont!
Missing character: There is no s in font nullfont!
Missing character: There is no e in font nullfont!
Missing character: There is no a in font nullfont!
Missing character: There is no r in font nullfont!
Missing character: There is no c in font nullfont!
Missing character: There is no h in font nullfont!
Missing character: There is no G in font nullfont!
Missing character: There is no r in font nullfont!
Missing character: There is no o in font nullfont!
Missing character: There is no u in font nullfont!
Missing character: There is no p in font nullfont!
Missing character: There is no o in font nullfont!
Missing character: There is no f in font nullfont!
Missing character: There is no G in font nullfont!
Missing character: There is no r in font nullfont!
Missing character: There is no e in font nullfont!
Missing character: There is no a in font nullfont!
Missing character: There is no t in font nullfont!
Missing character: There is no B in font nullfont!
Missing character: There is no r in font nullfont!
Missing character: There is no i in font nullfont!
Missing character: There is no t in font nullfont!
Missing character: There is no a in font nullfont!
Missing character: There is no i in font nullfont!
Missing character: There is no n in font nullfont!
Missing character: There is no . in font nullfont!
Missing character: There is no V in font nullfont!
Missing character: There is no o in font nullfont!
Missing character: There is no l in font nullfont!
Missing character: There is no . in font nullfont!
Missing character: There is no 1 in font nullfont!
Missing character: There is no 3 in font nullfont!
Missing character: There is no . in font nullfont!
Missing character: There is no N in font nullfont!
Missing character: There is no o in font nullfont!
Missing character: There is no . in font nullfont!
Missing character: There is no 1 in font nullfont!
Missing character: There is no . in font nullfont!
Missing character: There is no p in font nullfont!
Missing character: There is no p in font nullfont!
Missing character: There is no . in font nullfont!
Missing character: There is no 1 in font nullfont!
Missing character: There is no - in font nullfont!
Missing character: There is no 3 in font nullfont!
Missing character: There is no 5 in font nullfont!
Missing character: There is no . in font nullfont!
Missing character: There is no A in font nullfont!
Missing character: There is no p in font nullfont!
Missing character: There is no r in font nullfont!
Missing character: There is no i in font nullfont!
Missing character: There is no l in font nullfont!
Missing character: There is no 1 in font nullfont!
Missing character: There is no 9 in font nullfont!
Missing character: There is no 7 in font nullfont!
Missing character: There is no 1 in font nullfont!
! Undefined control sequence.
\Trabajo ->\Large 
                  \textbf {Report of the Oxford University Expedition\\ to N...
l.127 \Portada
              
The control sequence at the end of the top line
of your error message was never \def'ed. If you have
misspelled it (e.g., `\hobx'), type `I' and the correct
spelling (e.g., `I\hbox'). Otherwise just continue,
and I'll forget about whatever was undefined.


Overfull \hbox (35.56233pt too wide) in paragraph at lines 127--127
 []\OT1/cmr/bx/n/10 Report 
 []


Overfull \hbox (9.26384pt too wide) in paragraph at lines 127--127
 \OT1/cmr/bx/n/10 of 
 []


Overfull \hbox (16.13187pt too wide) in paragraph at lines 127--127
 \OT1/cmr/bx/n/10 the 
 []


Overfull \hbox (18.54156pt too wide) in paragraph at lines 127--127
 \OT1/cmr/bx/n/10 Ox- 
 []


Overfull \hbox (20.3888pt too wide) in paragraph at lines 127--127
 \OT1/cmr/bx/n/10 ford 
 []


Overfull \hbox (22.26376pt too wide) in paragraph at lines 127--127
 \OT1/cmr/bx/n/10 Uni- 
 []


Overfull \hbox (19.5902pt too wide) in paragraph at lines 127--127
 \OT1/cmr/bx/n/10 ver- 
 []


Overfull \hbox (17.95267pt too wide) in paragraph at lines 127--127
 \OT1/cmr/bx/n/10 sity 
 []


Overfull \hbox (17.45824pt too wide) in paragraph at lines 127--127
 \OT1/cmr/bx/n/10 Ex- 
 []


Overfull \hbox (15.81242pt too wide) in paragraph at lines 127--127
 \OT1/cmr/bx/n/10 pe- 
 []


Overfull \hbox (13.4166pt too wide) in paragraph at lines 127--127
 \OT1/cmr/bx/n/10 di- 
 []


Overfull \hbox (19.80545pt too wide) in paragraph at lines 127--127
 \OT1/cmr/bx/n/10 tion 
 []


Overfull \hbox (10.22217pt too wide) in paragraph at lines 127--127
 []\OT1/cmr/bx/n/10 to 
 []


Overfull \hbox (34.18039pt too wide) in paragraph at lines 127--127
 \OT1/cmr/bx/n/10 North- 
 []


Overfull \hbox (16.39577pt too wide) in paragraph at lines 127--127
 \OT1/cmr/bx/n/10 ern 
 []


Overfull \hbox (31.14565pt too wide) in paragraph at lines 127--127
 \OT1/cmr/bx/n/10 Spain, 
 []


Overfull \hbox (22.99988pt too wide) in paragraph at lines 127--127
 \OT1/cmr/bx/n/10 1970 
 []

! Undefined control sequence.
\Titulo ->\huge 
                {\textbf {CAVES OF THE WESTERN\\ SIERRA DE CUERA}}
l.127 \Portada
              
The control sequence at the end of the top line
of your error message was never \def'ed. If you have
misspelled it (e.g., `\hobx'), type `I' and the correct
spelling (e.g., `I\hbox'). Otherwise just continue,
and I'll forget about whatever was undefined.


Overfull \hbox (38.3609pt too wide) in paragraph at lines 127--127
 []\OT1/cmr/bx/n/10 CAVES 
 []


Overfull \hbox (15.87491pt too wide) in paragraph at lines 127--127
 \OT1/cmr/bx/n/10 OF 
 []


Overfull \hbox (24.55542pt too wide) in paragraph at lines 127--127
 \OT1/cmr/bx/n/10 THE 
 []


Overfull \hbox (37.66646pt too wide) in paragraph at lines 127--127
 \OT1/cmr/bx/n/10 WEST- 
 []


Overfull \hbox (25.18042pt too wide) in paragraph at lines 127--127
 \OT1/cmr/bx/n/10 ERN 
 []


Overfull \hbox (44.24976pt too wide) in paragraph at lines 127--127
 []\OT1/cmr/bx/n/10 SIERRA 
 []


Overfull \hbox (16.37491pt too wide) in paragraph at lines 127--127
 \OT1/cmr/bx/n/10 DE 
 []


Overfull \hbox (42.02754pt too wide) in paragraph at lines 127--127
 \OT1/cmr/bx/n/10 CUERA 
 []

! Undefined control sequence.
\Portada ...\vskip 20em \end {center} \par \Large 
                                                  \begin {flushright} \begin...
l.127 \Portada
              
The control sequence at the end of the top line
of your error message was never \def'ed. If you have
misspelled it (e.g., `\hobx'), type `I' and the correct
spelling (e.g., `I\hbox'). Otherwise just continue,
and I'll forget about whatever was undefined.


Overfull \hbox (20.0pt too wide) in paragraph at lines 127--127
[] 
 []

LaTeX Font Info:    External font `cmex10' loaded for size
(Font)              <7> on input line 127.
LaTeX Font Info:    External font `cmex10' loaded for size
(Font)              <5> on input line 127.
Missing character: There is no A in font nullfont!
Missing character: There is no d in font nullfont!
Missing character: There is no a in font nullfont!
Missing character: There is no p in font nullfont!
Missing character: There is no t in font nullfont!
Missing character: There is no a in font nullfont!
Missing character: There is no t in font nullfont!
Missing character: There is no i in font nullfont!
Missing character: There is no o in font nullfont!
Missing character: There is no n in font nullfont!
Missing character: There is no t in font nullfont!
Missing character: There is no o in font nullfont!
Missing character: There is no P in font nullfont!
Missing character: There is no D in font nullfont!
Missing character: There is no F in font nullfont!
Missing character: There is no b in font nullfont!
Missing character: There is no y in font nullfont!
Missing character: There is no : in font nullfont!
! Undefined control sequence.
\Autor ->\Large 
                {Alberto Ruiz García}
l.127 \Portada
              
The control sequence at the end of the top line
of your error message was never \def'ed. If you have
misspelled it (e.g., `\hobx'), type `I' and the correct
spelling (e.g., `I\hbox'). Otherwise just continue,
and I'll forget about whatever was undefined.

Missing character: There is no A in font nullfont!
Missing character: There is no l in font nullfont!
Missing character: There is no b in font nullfont!
Missing character: There is no e in font nullfont!
Missing character: There is no r in font nullfont!
Missing character: There is no t in font nullfont!
Missing character: There is no o in font nullfont!
Missing character: There is no R in font nullfont!
Missing character: There is no u in font nullfont!
Missing character: There is no i in font nullfont!
Missing character: There is no z in font nullfont!
Missing character: There is no G in font nullfont!
Missing character: There is no a in font nullfont!
Missing character: There is no r in font nullfont!
Missing character: There is no c in font nullfont!
LaTeX Font Info:    Trying to load font information for +cmr on input line 127.

LaTeX Font Info:    No file cmr.fd. on input line 127.

LaTeX Font Warning: Font shape `/cmr/m/n' undefined
(Font)              using `/cmr/m/n' instead on input line 127.

! Corrupted NFSS tables.
wrong@fontshape ...message {Corrupted NFSS tables}
                                                  error@fontshape else let f...
l.127 \Portada
              
This error message was generated by an \errmessage
command, so I can't give any explicit help.
Pretend that you're Hercule Poirot: Examine all clues,
and deduce the truth by order and method.


LaTeX Font Warning: Font shape `/cmr/m/n' undefined
(Font)              using `OT1/cmr/m/n' instead on input line 127.

Missing character: There is no a in font nullfont!

Overfull \hbox (7.77783pt too wide) in paragraph at lines 127--127
 []
 []


! LaTeX Error: \begin{document} ended by \end{titlingpage}.

See the LaTeX manual or LaTeX Companion for explanation.
Type  H <return>  for immediate help.
 ...                                              
                                                  
l.127 \Portada
              
Your command was ignored.
Type  I <command> <return>  to replace it with another command,
or  <return>  to continue without it.

)
! Emergency stop.
<*> cover.tex
             
*** (job aborted, no legal \end found)

 
Here is how much of TeX's memory you used:
 42 strings out of 483107
 583 string characters out of 5964630
 232847 words of memory out of 5000000
 15166 multiletter control sequences out of 15000+600000
 532646 words of font info for 25 fonts, out of 8000000 for 9000
 59 hyphenation exceptions out of 8191
 20i,7n,16p,130b,218s stack positions out of 5000i,500n,10000p,200000b,80000s
!  ==> Fatal error occurred, no output PDF file produced!
