This is XeTeX, Version 3.14159265-2.6-0.99998 (TeX Live 2017/Debian) (preloaded format=xelatex 2021.1.31)  26 FEB 2021 16:08
entering extended mode
 restricted \write18 enabled.
 %&-line parsing enabled.
**user_commands.tex
(./user_commands.tex
LaTeX2e <2017-04-15>
Babel <3.18> and hyphenation patterns for 10 language(s) loaded.
)
! Emergency stop.
<*> user_commands.tex
                     
*** (job aborted, no legal \end found)

 
Here is how much of TeX's memory you used:
 17 strings out of 494906
 133 string characters out of 6175976
 54094 words of memory out of 5000000
 3973 multiletter control sequences out of 15000+600000
 3640 words of font info for 14 fonts, out of 8000000 for 9000
 40 hyphenation exceptions out of 8191
 7i,0n,6p,155b,8s stack positions out of 5000i,500n,10000p,200000b,80000s
No pages of output.
